## 19.4.2013 Andreas Weber
## Logfile von Hand von "huber precision thermometer D150"
## abgelesen. Gleiche Messung wie 100deg_3.log

## Die 3 Sensoren PT100, DS18B20 und PT100? vom D150
## werden mit Kabelbinder zusammengebunden in den isolierten
## Becher gestellt und dieser mit kochendem Wasser gefüllt

## Start gegen 11:00,
## Raumtemperatur 21.8°C laut digitalem Raumthermometer

1366362120 21.7
1366362150 21.7
1366362260 21.7
## sprudelndes Wasser einfüllen
1366362300 92.9
1366362350 90.0
## auskippen, neu nachfüllen
1366362420 97.4
1366362507 97.4
1366362520 97.0
1366362550 95.6
1366362590 93.9
1366362610 93.6
1366362680 90.7
1366362730 88.9
1366362790 87.2
1366362860 85.1
1366362915 83.6
1366362970 82.2
1366363030 80.9
1366363100 79.1
1366363180 77.6
1366363250 76.1
1366363480 71.9
1366363570 70.4
1366363670 68.8
1366363770 67.3
1366363870 65.9
1366363990 64.4
1366364070 63.3
1366364170 62.1
1366364270 61.0
1366364370 59.8
1366364470 58.9
1366364570 57.8
1366364670 56.8
1366364770 55.9
1366364870 54.9
1366364970 54.1
1366365070 53.3
1366365170 52.4
1366365270 51.7
1366365370 50.9
1366365470 50.2
1366365500 50.0
1366365600 49.3
1366365900 47.5
1366366200 45.7
1366366500 44.1
1366366800 42.6
1366367100 41.3
1366367440 39.9
1366367700 38.9
1366368000 37.8
1366368300 36.9
1366368600 36.0
1366368900 35.1
1366369200 34.4
1366369500 33.6
1366369800 32.9
1366370100 32.3
## Wasser aus dem Wasserhahn, jetzt in Kaffeetasse
1366370200 19.5
1366370250 19.4
## noch einmal kaltes Wasser aus dem Wasserhahn
1366370340 19.4
1366370400 16.6
1366370450 16.6
1366370700 16.8
1366371200 17.2
1366371600 17.5
## nochmal Wasser aus Kühlschrank
1366371700 13.6
1366371750 13.3
1366371800 13.4



