## 18.4.2013 Andreas Weber
## Logfile von Hand von "huber precision thermometer D150"
## abgelesen. Gleiche Messung wie 100deg_2.log

## In heißes Wasser eingetaucht, 69,1°C DS18B20 zeigt 67.8 an.
## Nach zweitem mal aufgießen 92.6°C, DS18B20 91.6.
## Ein drittes mal mit sprudelndem Wasser aufgegossen

21:34:50 92.9
21:35:30 90.8
21:36:30 88.0
21:37:30 85.3
21:40:00 80.1
21:40:30 79.4
## ins kalte Wasser gestellt
21:41:00 78.1
21:42:00 75.7
21:45:00 68.7
21:51:15 57.0
21:53:00 54.4
21:56:00 50.9
21:58:00 48.4
22:00:30 43.7
22:10:00 34.6
22:28:00 28.3
## Eis in Tasse
22:30:45 26.4
22:31:30 26.3
22:32:30 16.0
22:33:30 13.0
22:35:00 13.2
22:36:00 10.2
22:37:00 5.8
22:38:00 4.0
22:41:00 1.2
22:42:00 1.0
## Salz drangekippt
22:44:10 -0.6
22:45:50 -1.3
22:47:30 -5.3
22:48:30 -5.8
22:50:30 -5.7

#Ende der Aufzeichnung


